<?xml version="1.0" encoding="UTF-8"?>
<testsuite name="WordGameTest" tests="2" skipped="0" failures="0" errors="0" timestamp="2016-09-08T23:07:00" hostname="epicodus-14.local" time="0.001">
  <properties/>
  <testcase name="replacesLettersWithUnderScores_returnsObscuredWord_String" classname="WordGameTest" time="0.001"/>
  <testcase name="printsWord_printsWord_String" classname="WordGameTest" time="0.0"/>
  <system-out><![CDATA[]]></system-out>
  <system-err><![CDATA[]]></system-err>
</testsuite>
